Resetting modules to system default
2018-07-24 23:07:01.881611: I tensorflow/core/common_runtime/gpu/gpu_device.cc:1356] Found device 0 with properties: 
name: Tesla K20Xm major: 3 minor: 5 memoryClockRate(GHz): 0.732
pciBusID: 0000:20:00.0
totalMemory: 5.57GiB freeMemory: 5.40GiB
2018-07-24 23:07:02.028702: I tensorflow/core/common_runtime/gpu/gpu_device.cc:1356] Found device 1 with properties: 
name: Tesla K20Xm major: 3 minor: 5 memoryClockRate(GHz): 0.732
pciBusID: 0000:8b:00.0
totalMemory: 5.57GiB freeMemory: 5.48GiB
2018-07-24 23:07:02.028836: I tensorflow/core/common_runtime/gpu/gpu_device.cc:1435] Adding visible gpu devices: 0, 1
2018-07-24 23:07:02.622288: I tensorflow/core/common_runtime/gpu/gpu_device.cc:923] Device interconnect StreamExecutor with strength 1 edge matrix:
2018-07-24 23:07:02.622409: I tensorflow/core/common_runtime/gpu/gpu_device.cc:929]      0 1 
2018-07-24 23:07:02.622434: I tensorflow/core/common_runtime/gpu/gpu_device.cc:942] 0:   N N 
2018-07-24 23:07:02.622452: I tensorflow/core/common_runtime/gpu/gpu_device.cc:942] 1:   N N 
2018-07-24 23:07:02.622813: I tensorflow/core/common_runtime/gpu/gpu_device.cc:1053] Created TensorFlow device (/job:localhost/replica:0/task:0/device:GPU:0 with 5189 MB memory) -> physical GPU (device: 0, name: Tesla K20Xm, pci bus id: 0000:20:00.0, compute capability: 3.5)
2018-07-24 23:07:02.670809: I tensorflow/core/common_runtime/gpu/gpu_device.cc:1053] Created TensorFlow device (/job:localhost/replica:0/task:0/device:GPU:1 with 5273 MB memory) -> physical GPU (device: 1, name: Tesla K20Xm, pci bus id: 0000:8b:00.0, compute capability: 3.5)
you are in main.
recurrent neural network
Train on 1560 samples, validate on 240 samples
Epoch 1/300
 - 4s - loss: 0.4122 - binary_accuracy: 0.8333 - val_loss: 0.6330 - val_binary_accuracy: 0.7875
Epoch 2/300
 - 1s - loss: 0.3359 - binary_accuracy: 0.8769 - val_loss: 0.6909 - val_binary_accuracy: 0.7875
Epoch 3/300
 - 1s - loss: 0.3139 - binary_accuracy: 0.8821 - val_loss: 0.6504 - val_binary_accuracy: 0.7875
Epoch 4/300
 - 1s - loss: 0.3145 - binary_accuracy: 0.8795 - val_loss: 0.7216 - val_binary_accuracy: 0.7875
Epoch 5/300
 - 1s - loss: 0.2962 - binary_accuracy: 0.8833 - val_loss: 0.6631 - val_binary_accuracy: 0.7875
Epoch 6/300
 - 1s - loss: 0.2960 - binary_accuracy: 0.8853 - val_loss: 0.8091 - val_binary_accuracy: 0.7875
Epoch 7/300
 - 1s - loss: 0.2984 - binary_accuracy: 0.8827 - val_loss: 0.7280 - val_binary_accuracy: 0.7875
Epoch 8/300
 - 1s - loss: 0.2758 - binary_accuracy: 0.8923 - val_loss: 0.7165 - val_binary_accuracy: 0.7875
Epoch 9/300
 - 1s - loss: 0.2622 - binary_accuracy: 0.8987 - val_loss: 0.7807 - val_binary_accuracy: 0.7875
Epoch 10/300
 - 1s - loss: 0.2673 - binary_accuracy: 0.8968 - val_loss: 0.9381 - val_binary_accuracy: 0.7875
Epoch 11/300
 - 1s - loss: 0.2817 - binary_accuracy: 0.8904 - val_loss: 0.9150 - val_binary_accuracy: 0.7875
Epoch 12/300
 - 1s - loss: 0.2513 - binary_accuracy: 0.8910 - val_loss: 0.7856 - val_binary_accuracy: 0.7875
Epoch 13/300
 - 1s - loss: 0.2435 - binary_accuracy: 0.8994 - val_loss: 0.8309 - val_binary_accuracy: 0.7875
Epoch 14/300
 - 1s - loss: 0.2512 - binary_accuracy: 0.8949 - val_loss: 0.9217 - val_binary_accuracy: 0.7875
Epoch 15/300
 - 1s - loss: 0.2455 - binary_accuracy: 0.8994 - val_loss: 0.8832 - val_binary_accuracy: 0.7875
Epoch 16/300
 - 1s - loss: 0.2437 - binary_accuracy: 0.8987 - val_loss: 0.8476 - val_binary_accuracy: 0.7875
Epoch 17/300
 - 1s - loss: 0.2334 - binary_accuracy: 0.9045 - val_loss: 0.7686 - val_binary_accuracy: 0.7875
Epoch 18/300
 - 1s - loss: 0.2243 - binary_accuracy: 0.8994 - val_loss: 0.8476 - val_binary_accuracy: 0.7875
Epoch 19/300
 - 1s - loss: 0.2183 - binary_accuracy: 0.9051 - val_loss: 0.9690 - val_binary_accuracy: 0.7875
Epoch 20/300
 - 1s - loss: 0.2314 - binary_accuracy: 0.9051 - val_loss: 0.8631 - val_binary_accuracy: 0.7875
Epoch 21/300
 - 1s - loss: 0.2297 - binary_accuracy: 0.9058 - val_loss: 0.8322 - val_binary_accuracy: 0.7875
Epoch 22/300
 - 1s - loss: 0.2065 - binary_accuracy: 0.9224 - val_loss: 0.9632 - val_binary_accuracy: 0.7875
Epoch 23/300
 - 1s - loss: 0.1929 - binary_accuracy: 0.9340 - val_loss: 0.8357 - val_binary_accuracy: 0.7792
Epoch 24/300
 - 1s - loss: 0.1996 - binary_accuracy: 0.9160 - val_loss: 0.8560 - val_binary_accuracy: 0.7875
Epoch 25/300
 - 1s - loss: 0.1904 - binary_accuracy: 0.9244 - val_loss: 0.8453 - val_binary_accuracy: 0.7708
Epoch 26/300
 - 1s - loss: 0.2016 - binary_accuracy: 0.9179 - val_loss: 1.0030 - val_binary_accuracy: 0.7875
Epoch 27/300
 - 1s - loss: 0.1797 - binary_accuracy: 0.9256 - val_loss: 0.9066 - val_binary_accuracy: 0.7875
Epoch 28/300
 - 1s - loss: 0.1835 - binary_accuracy: 0.9237 - val_loss: 0.9386 - val_binary_accuracy: 0.7875
Epoch 29/300
 - 1s - loss: 0.1820 - binary_accuracy: 0.9269 - val_loss: 0.8947 - val_binary_accuracy: 0.7875
Epoch 30/300
 - 1s - loss: 0.1708 - binary_accuracy: 0.9385 - val_loss: 0.8233 - val_binary_accuracy: 0.7875
Epoch 31/300
 - 1s - loss: 0.1718 - binary_accuracy: 0.9340 - val_loss: 0.8425 - val_binary_accuracy: 0.7875
Epoch 32/300
 - 1s - loss: 0.1573 - binary_accuracy: 0.9417 - val_loss: 0.9158 - val_binary_accuracy: 0.7875
Epoch 33/300
 - 1s - loss: 0.1557 - binary_accuracy: 0.9385 - val_loss: 1.0413 - val_binary_accuracy: 0.7750
Epoch 34/300
 - 1s - loss: 0.1558 - binary_accuracy: 0.9365 - val_loss: 0.9998 - val_binary_accuracy: 0.7875
Epoch 35/300
 - 1s - loss: 0.1479 - binary_accuracy: 0.9378 - val_loss: 1.0657 - val_binary_accuracy: 0.7875
Epoch 36/300
 - 1s - loss: 0.1278 - binary_accuracy: 0.9500 - val_loss: 1.0870 - val_binary_accuracy: 0.7875
Epoch 37/300
 - 1s - loss: 0.1455 - binary_accuracy: 0.9455 - val_loss: 1.0836 - val_binary_accuracy: 0.7875
Epoch 38/300
 - 1s - loss: 0.1417 - binary_accuracy: 0.9391 - val_loss: 0.9562 - val_binary_accuracy: 0.7833
Epoch 39/300
 - 1s - loss: 0.1554 - binary_accuracy: 0.9423 - val_loss: 1.0199 - val_binary_accuracy: 0.7875
Epoch 40/300
 - 1s - loss: 0.1343 - binary_accuracy: 0.9474 - val_loss: 1.1866 - val_binary_accuracy: 0.7875
Epoch 41/300
 - 1s - loss: 0.1359 - binary_accuracy: 0.9506 - val_loss: 1.2398 - val_binary_accuracy: 0.7875
Epoch 42/300
 - 1s - loss: 0.1377 - binary_accuracy: 0.9442 - val_loss: 1.2086 - val_binary_accuracy: 0.7875
Epoch 43/300
 - 1s - loss: 0.1284 - binary_accuracy: 0.9474 - val_loss: 1.2814 - val_binary_accuracy: 0.7875
Epoch 44/300
 - 1s - loss: 0.1306 - binary_accuracy: 0.9513 - val_loss: 1.1658 - val_binary_accuracy: 0.7875
Epoch 45/300
 - 1s - loss: 0.1337 - binary_accuracy: 0.9487 - val_loss: 1.2367 - val_binary_accuracy: 0.7875
Epoch 46/300
 - 1s - loss: 0.1305 - binary_accuracy: 0.9487 - val_loss: 1.1951 - val_binary_accuracy: 0.7833
Epoch 47/300
 - 1s - loss: 0.1396 - binary_accuracy: 0.9410 - val_loss: 1.1135 - val_binary_accuracy: 0.7750
Epoch 48/300
 - 1s - loss: 0.1291 - binary_accuracy: 0.9468 - val_loss: 0.9300 - val_binary_accuracy: 0.7875
Epoch 49/300
 - 1s - loss: 0.1608 - binary_accuracy: 0.9372 - val_loss: 1.3293 - val_binary_accuracy: 0.7875
Epoch 50/300
 - 1s - loss: 0.1541 - binary_accuracy: 0.9365 - val_loss: 1.0902 - val_binary_accuracy: 0.7875
Epoch 51/300
 - 1s - loss: 0.1240 - binary_accuracy: 0.9506 - val_loss: 1.1311 - val_binary_accuracy: 0.7875
Epoch 52/300
 - 1s - loss: 0.1458 - binary_accuracy: 0.9481 - val_loss: 1.0992 - val_binary_accuracy: 0.7875
Epoch 53/300
 - 1s - loss: 0.1241 - binary_accuracy: 0.9487 - val_loss: 1.2236 - val_binary_accuracy: 0.7875
Epoch 54/300
 - 1s - loss: 0.1079 - binary_accuracy: 0.9609 - val_loss: 1.2356 - val_binary_accuracy: 0.7875
Epoch 55/300
 - 1s - loss: 0.1048 - binary_accuracy: 0.9603 - val_loss: 1.3349 - val_binary_accuracy: 0.7875
Epoch 56/300
 - 1s - loss: 0.0920 - binary_accuracy: 0.9660 - val_loss: 1.3565 - val_binary_accuracy: 0.7875
Epoch 57/300
 - 1s - loss: 0.0943 - binary_accuracy: 0.9615 - val_loss: 1.3132 - val_binary_accuracy: 0.7833
Epoch 58/300
 - 1s - loss: 0.1140 - binary_accuracy: 0.9564 - val_loss: 1.2259 - val_binary_accuracy: 0.7875
Epoch 59/300
 - 1s - loss: 0.1084 - binary_accuracy: 0.9622 - val_loss: 1.1958 - val_binary_accuracy: 0.7875
Epoch 60/300
 - 1s - loss: 0.1030 - binary_accuracy: 0.9577 - val_loss: 1.2411 - val_binary_accuracy: 0.7875
Epoch 61/300
 - 1s - loss: 0.0971 - binary_accuracy: 0.9673 - val_loss: 1.2049 - val_binary_accuracy: 0.7875
Epoch 62/300
 - 1s - loss: 0.0998 - binary_accuracy: 0.9596 - val_loss: 1.1766 - val_binary_accuracy: 0.7875
Epoch 63/300
 - 1s - loss: 0.0953 - binary_accuracy: 0.9654 - val_loss: 1.0856 - val_binary_accuracy: 0.7708
Epoch 64/300
 - 1s - loss: 0.0819 - binary_accuracy: 0.9731 - val_loss: 1.2452 - val_binary_accuracy: 0.7875
Epoch 65/300
 - 1s - loss: 0.0863 - binary_accuracy: 0.9686 - val_loss: 1.1548 - val_binary_accuracy: 0.7875
Epoch 66/300
 - 1s - loss: 0.0906 - binary_accuracy: 0.9673 - val_loss: 1.1389 - val_binary_accuracy: 0.7875
Epoch 67/300
 - 1s - loss: 0.0738 - binary_accuracy: 0.9731 - val_loss: 1.3397 - val_binary_accuracy: 0.7875
Epoch 68/300
 - 1s - loss: 0.0824 - binary_accuracy: 0.9673 - val_loss: 1.2971 - val_binary_accuracy: 0.7875
Epoch 69/300
 - 1s - loss: 0.0748 - binary_accuracy: 0.9737 - val_loss: 1.4201 - val_binary_accuracy: 0.7875
Epoch 70/300
 - 1s - loss: 0.0762 - binary_accuracy: 0.9699 - val_loss: 1.5590 - val_binary_accuracy: 0.7875
Epoch 71/300
 - 1s - loss: 0.0847 - binary_accuracy: 0.9679 - val_loss: 1.3863 - val_binary_accuracy: 0.7875
Epoch 72/300
 - 1s - loss: 0.0826 - binary_accuracy: 0.9635 - val_loss: 1.3861 - val_binary_accuracy: 0.7917
Epoch 73/300
 - 1s - loss: 0.0720 - binary_accuracy: 0.9776 - val_loss: 1.6882 - val_binary_accuracy: 0.7875
Epoch 74/300
 - 1s - loss: 0.1021 - binary_accuracy: 0.9622 - val_loss: 1.5153 - val_binary_accuracy: 0.7917
Epoch 75/300
 - 1s - loss: 0.0603 - binary_accuracy: 0.9808 - val_loss: 1.4745 - val_binary_accuracy: 0.7875
Epoch 76/300
 - 1s - loss: 0.0597 - binary_accuracy: 0.9750 - val_loss: 1.6236 - val_binary_accuracy: 0.7875
Epoch 77/300
 - 1s - loss: 0.0605 - binary_accuracy: 0.9814 - val_loss: 1.6165 - val_binary_accuracy: 0.7875
Epoch 78/300
 - 1s - loss: 0.0516 - binary_accuracy: 0.9827 - val_loss: 1.5819 - val_binary_accuracy: 0.7875
Epoch 79/300
 - 1s - loss: 0.0702 - binary_accuracy: 0.9712 - val_loss: 1.7093 - val_binary_accuracy: 0.7875
Epoch 80/300
 - 1s - loss: 0.0730 - binary_accuracy: 0.9737 - val_loss: 1.2898 - val_binary_accuracy: 0.7917
Epoch 81/300
 - 1s - loss: 0.0768 - binary_accuracy: 0.9731 - val_loss: 1.3496 - val_binary_accuracy: 0.7917
Epoch 82/300
 - 1s - loss: 0.0558 - binary_accuracy: 0.9763 - val_loss: 1.2978 - val_binary_accuracy: 0.7917
Epoch 83/300
 - 1s - loss: 0.0637 - binary_accuracy: 0.9763 - val_loss: 1.2205 - val_binary_accuracy: 0.7917
Epoch 84/300
 - 1s - loss: 0.0632 - binary_accuracy: 0.9724 - val_loss: 1.4627 - val_binary_accuracy: 0.7875
Epoch 85/300
 - 1s - loss: 0.0537 - binary_accuracy: 0.9795 - val_loss: 1.6608 - val_binary_accuracy: 0.7875
Epoch 86/300
 - 1s - loss: 0.0495 - binary_accuracy: 0.9846 - val_loss: 1.5024 - val_binary_accuracy: 0.7917
Epoch 87/300
 - 1s - loss: 0.0581 - binary_accuracy: 0.9776 - val_loss: 1.6676 - val_binary_accuracy: 0.7875
Epoch 88/300
 - 1s - loss: 0.0592 - binary_accuracy: 0.9821 - val_loss: 1.6041 - val_binary_accuracy: 0.7917
Epoch 89/300
 - 1s - loss: 0.0618 - binary_accuracy: 0.9788 - val_loss: 1.3061 - val_binary_accuracy: 0.7917
Epoch 90/300
 - 1s - loss: 0.0563 - binary_accuracy: 0.9840 - val_loss: 1.5204 - val_binary_accuracy: 0.7917
Epoch 91/300
 - 1s - loss: 0.0484 - binary_accuracy: 0.9840 - val_loss: 1.4218 - val_binary_accuracy: 0.7875
Epoch 92/300
 - 1s - loss: 0.0639 - binary_accuracy: 0.9776 - val_loss: 1.5524 - val_binary_accuracy: 0.7875
Epoch 93/300
 - 1s - loss: 0.0580 - binary_accuracy: 0.9776 - val_loss: 1.4478 - val_binary_accuracy: 0.7917
Epoch 94/300
 - 1s - loss: 0.0576 - binary_accuracy: 0.9795 - val_loss: 1.5318 - val_binary_accuracy: 0.7917
Epoch 95/300
 - 1s - loss: 0.0602 - binary_accuracy: 0.9763 - val_loss: 1.3111 - val_binary_accuracy: 0.7875
Epoch 96/300
 - 1s - loss: 0.0420 - binary_accuracy: 0.9904 - val_loss: 1.6157 - val_binary_accuracy: 0.7917
Epoch 97/300
 - 1s - loss: 0.0456 - binary_accuracy: 0.9859 - val_loss: 1.2682 - val_binary_accuracy: 0.7917
Epoch 98/300
 - 1s - loss: 0.0557 - binary_accuracy: 0.9853 - val_loss: 1.2713 - val_binary_accuracy: 0.7917
Epoch 99/300
 - 1s - loss: 0.0578 - binary_accuracy: 0.9782 - val_loss: 1.4436 - val_binary_accuracy: 0.7917
Epoch 100/300
 - 1s - loss: 0.0493 - binary_accuracy: 0.9827 - val_loss: 1.5743 - val_binary_accuracy: 0.7917
Epoch 101/300
 - 1s - loss: 0.0344 - binary_accuracy: 0.9923 - val_loss: 1.3601 - val_binary_accuracy: 0.7917
Epoch 102/300
 - 1s - loss: 0.0440 - binary_accuracy: 0.9891 - val_loss: 1.5655 - val_binary_accuracy: 0.7917
Epoch 103/300
 - 1s - loss: 0.0488 - binary_accuracy: 0.9840 - val_loss: 1.3648 - val_binary_accuracy: 0.7875
Epoch 104/300
 - 1s - loss: 0.0442 - binary_accuracy: 0.9865 - val_loss: 1.5049 - val_binary_accuracy: 0.7875
Epoch 105/300
 - 1s - loss: 0.0546 - binary_accuracy: 0.9801 - val_loss: 1.4655 - val_binary_accuracy: 0.7917
Epoch 106/300
 - 1s - loss: 0.0649 - binary_accuracy: 0.9782 - val_loss: 1.3490 - val_binary_accuracy: 0.7917
Epoch 107/300
 - 1s - loss: 0.0562 - binary_accuracy: 0.9833 - val_loss: 1.1921 - val_binary_accuracy: 0.7917
Epoch 108/300
 - 1s - loss: 0.0519 - binary_accuracy: 0.9827 - val_loss: 1.5398 - val_binary_accuracy: 0.7917
Epoch 109/300
 - 1s - loss: 0.0514 - binary_accuracy: 0.9840 - val_loss: 1.3574 - val_binary_accuracy: 0.7917
Epoch 110/300
 - 1s - loss: 0.0562 - binary_accuracy: 0.9808 - val_loss: 1.6310 - val_binary_accuracy: 0.7917
Epoch 111/300
 - 1s - loss: 0.0565 - binary_accuracy: 0.9801 - val_loss: 1.5549 - val_binary_accuracy: 0.7917
Epoch 112/300
 - 1s - loss: 0.0629 - binary_accuracy: 0.9788 - val_loss: 1.5256 - val_binary_accuracy: 0.7792
Epoch 113/300
 - 1s - loss: 0.0566 - binary_accuracy: 0.9808 - val_loss: 1.5561 - val_binary_accuracy: 0.7875
Epoch 114/300
 - 1s - loss: 0.0529 - binary_accuracy: 0.9782 - val_loss: 1.4481 - val_binary_accuracy: 0.7917
Epoch 115/300
 - 1s - loss: 0.0435 - binary_accuracy: 0.9859 - val_loss: 1.5767 - val_binary_accuracy: 0.7917
Epoch 116/300
 - 1s - loss: 0.0397 - binary_accuracy: 0.9904 - val_loss: 1.4378 - val_binary_accuracy: 0.7917
Epoch 117/300
 - 1s - loss: 0.0450 - binary_accuracy: 0.9859 - val_loss: 1.6285 - val_binary_accuracy: 0.7917
Epoch 118/300
 - 1s - loss: 0.0493 - binary_accuracy: 0.9821 - val_loss: 1.5313 - val_binary_accuracy: 0.7917
Epoch 119/300
 - 1s - loss: 0.0341 - binary_accuracy: 0.9904 - val_loss: 1.6597 - val_binary_accuracy: 0.7917
Epoch 120/300
 - 1s - loss: 0.0335 - binary_accuracy: 0.9897 - val_loss: 1.6265 - val_binary_accuracy: 0.7917
Epoch 121/300
 - 1s - loss: 0.0407 - binary_accuracy: 0.9878 - val_loss: 1.5924 - val_binary_accuracy: 0.7917
Epoch 122/300
 - 1s - loss: 0.0382 - binary_accuracy: 0.9891 - val_loss: 1.6648 - val_binary_accuracy: 0.7917
Epoch 123/300
 - 1s - loss: 0.0258 - binary_accuracy: 0.9949 - val_loss: 1.6656 - val_binary_accuracy: 0.7875
Epoch 124/300
 - 1s - loss: 0.0316 - binary_accuracy: 0.9897 - val_loss: 1.7031 - val_binary_accuracy: 0.7917
Epoch 125/300
 - 1s - loss: 0.0287 - binary_accuracy: 0.9929 - val_loss: 1.6198 - val_binary_accuracy: 0.7875
Epoch 126/300
 - 1s - loss: 0.0283 - binary_accuracy: 0.9949 - val_loss: 1.7481 - val_binary_accuracy: 0.7917
Epoch 127/300
 - 1s - loss: 0.0353 - binary_accuracy: 0.9885 - val_loss: 1.6048 - val_binary_accuracy: 0.7875
Epoch 128/300
 - 1s - loss: 0.0423 - binary_accuracy: 0.9897 - val_loss: 1.6026 - val_binary_accuracy: 0.7917
Epoch 129/300
 - 1s - loss: 0.0355 - binary_accuracy: 0.9897 - val_loss: 1.5934 - val_binary_accuracy: 0.7917
Epoch 130/300
 - 1s - loss: 0.0361 - binary_accuracy: 0.9923 - val_loss: 1.6575 - val_binary_accuracy: 0.7875
Epoch 131/300
 - 1s - loss: 0.0312 - binary_accuracy: 0.9904 - val_loss: 1.6512 - val_binary_accuracy: 0.7917
Epoch 132/300
 - 1s - loss: 0.0276 - binary_accuracy: 0.9936 - val_loss: 1.8182 - val_binary_accuracy: 0.7917
Epoch 133/300
 - 1s - loss: 0.0306 - binary_accuracy: 0.9897 - val_loss: 1.7189 - val_binary_accuracy: 0.7917
Epoch 134/300
 - 1s - loss: 0.0410 - binary_accuracy: 0.9865 - val_loss: 1.3934 - val_binary_accuracy: 0.7958
Epoch 135/300
 - 1s - loss: 0.0385 - binary_accuracy: 0.9878 - val_loss: 1.6152 - val_binary_accuracy: 0.7917
Epoch 136/300
 - 1s - loss: 0.0314 - binary_accuracy: 0.9923 - val_loss: 1.6022 - val_binary_accuracy: 0.7917
Epoch 137/300
 - 1s - loss: 0.0313 - binary_accuracy: 0.9910 - val_loss: 1.6321 - val_binary_accuracy: 0.7958
Epoch 138/300
 - 1s - loss: 0.0224 - binary_accuracy: 0.9955 - val_loss: 1.6959 - val_binary_accuracy: 0.7917
Epoch 139/300
 - 1s - loss: 0.0353 - binary_accuracy: 0.9885 - val_loss: 1.5297 - val_binary_accuracy: 0.7917
Epoch 140/300
 - 1s - loss: 0.0425 - binary_accuracy: 0.9885 - val_loss: 1.7126 - val_binary_accuracy: 0.7917
Epoch 141/300
 - 1s - loss: 0.0482 - binary_accuracy: 0.9878 - val_loss: 1.3963 - val_binary_accuracy: 0.7875
Epoch 142/300
 - 1s - loss: 0.0515 - binary_accuracy: 0.9814 - val_loss: 1.6254 - val_binary_accuracy: 0.7917
Epoch 143/300
 - 1s - loss: 0.0432 - binary_accuracy: 0.9885 - val_loss: 1.7252 - val_binary_accuracy: 0.7958
Epoch 144/300
 - 1s - loss: 0.0492 - binary_accuracy: 0.9808 - val_loss: 1.4778 - val_binary_accuracy: 0.8000
Epoch 145/300
 - 1s - loss: 0.0635 - binary_accuracy: 0.9769 - val_loss: 1.1896 - val_binary_accuracy: 0.7917
Epoch 146/300
 - 1s - loss: 0.0655 - binary_accuracy: 0.9744 - val_loss: 1.2709 - val_binary_accuracy: 0.7958
Epoch 147/300
 - 1s - loss: 0.0596 - binary_accuracy: 0.9840 - val_loss: 1.4871 - val_binary_accuracy: 0.7917
Epoch 148/300
 - 1s - loss: 0.0460 - binary_accuracy: 0.9833 - val_loss: 1.4817 - val_binary_accuracy: 0.7917
Epoch 149/300
 - 1s - loss: 0.0454 - binary_accuracy: 0.9853 - val_loss: 1.4597 - val_binary_accuracy: 0.7917
Epoch 150/300
 - 1s - loss: 0.0342 - binary_accuracy: 0.9897 - val_loss: 1.5621 - val_binary_accuracy: 0.7875
Epoch 151/300
 - 1s - loss: 0.0441 - binary_accuracy: 0.9891 - val_loss: 1.4954 - val_binary_accuracy: 0.7875
Epoch 152/300
 - 1s - loss: 0.0376 - binary_accuracy: 0.9897 - val_loss: 1.5215 - val_binary_accuracy: 0.7875
Epoch 153/300
 - 1s - loss: 0.0660 - binary_accuracy: 0.9769 - val_loss: 1.1722 - val_binary_accuracy: 0.7875
Epoch 154/300
 - 1s - loss: 0.0922 - binary_accuracy: 0.9647 - val_loss: 1.1383 - val_binary_accuracy: 0.7917
Epoch 155/300
 - 1s - loss: 0.0807 - binary_accuracy: 0.9776 - val_loss: 1.6859 - val_binary_accuracy: 0.7958
Epoch 156/300
 - 1s - loss: 0.0806 - binary_accuracy: 0.9724 - val_loss: 1.3248 - val_binary_accuracy: 0.7917
Epoch 157/300
 - 1s - loss: 0.0598 - binary_accuracy: 0.9776 - val_loss: 1.2830 - val_binary_accuracy: 0.8000
Epoch 158/300
 - 1s - loss: 0.0488 - binary_accuracy: 0.9846 - val_loss: 1.2741 - val_binary_accuracy: 0.7917
Epoch 159/300
 - 1s - loss: 0.0429 - binary_accuracy: 0.9878 - val_loss: 1.4444 - val_binary_accuracy: 0.7958
Epoch 160/300
 - 1s - loss: 0.0440 - binary_accuracy: 0.9865 - val_loss: 1.1824 - val_binary_accuracy: 0.7917
Epoch 161/300
 - 1s - loss: 0.0478 - binary_accuracy: 0.9827 - val_loss: 1.5854 - val_binary_accuracy: 0.7917
Epoch 162/300
 - 1s - loss: 0.0331 - binary_accuracy: 0.9910 - val_loss: 1.5340 - val_binary_accuracy: 0.7917
Epoch 163/300
 - 1s - loss: 0.0368 - binary_accuracy: 0.9904 - val_loss: 1.6303 - val_binary_accuracy: 0.7917
Epoch 164/300
 - 1s - loss: 0.0347 - binary_accuracy: 0.9955 - val_loss: 1.4815 - val_binary_accuracy: 0.7958
Epoch 165/300
 - 1s - loss: 0.0277 - binary_accuracy: 0.9910 - val_loss: 1.5957 - val_binary_accuracy: 0.7958
Epoch 166/300
 - 1s - loss: 0.0301 - binary_accuracy: 0.9910 - val_loss: 1.5270 - val_binary_accuracy: 0.7958
Epoch 167/300
 - 1s - loss: 0.0266 - binary_accuracy: 0.9942 - val_loss: 1.7222 - val_binary_accuracy: 0.7958
Epoch 168/300
 - 1s - loss: 0.0236 - binary_accuracy: 0.9949 - val_loss: 1.7099 - val_binary_accuracy: 0.7958
Epoch 169/300
 - 1s - loss: 0.0268 - binary_accuracy: 0.9955 - val_loss: 1.7730 - val_binary_accuracy: 0.7917
Epoch 170/300
 - 1s - loss: 0.0203 - binary_accuracy: 0.9942 - val_loss: 1.5604 - val_binary_accuracy: 0.7958
Epoch 171/300
 - 1s - loss: 0.0240 - binary_accuracy: 0.9949 - val_loss: 1.7015 - val_binary_accuracy: 0.7958
Epoch 172/300
 - 1s - loss: 0.0196 - binary_accuracy: 0.9962 - val_loss: 1.7081 - val_binary_accuracy: 0.7958
Epoch 173/300
 - 1s - loss: 0.0247 - binary_accuracy: 0.9936 - val_loss: 1.7792 - val_binary_accuracy: 0.7917
Epoch 174/300
 - 1s - loss: 0.0236 - binary_accuracy: 0.9942 - val_loss: 1.7733 - val_binary_accuracy: 0.7917
Epoch 175/300
 - 1s - loss: 0.0237 - binary_accuracy: 0.9942 - val_loss: 1.9261 - val_binary_accuracy: 0.7917
Epoch 176/300
 - 1s - loss: 0.0265 - binary_accuracy: 0.9936 - val_loss: 1.7459 - val_binary_accuracy: 0.7917
Epoch 177/300
 - 1s - loss: 0.0278 - binary_accuracy: 0.9910 - val_loss: 1.8685 - val_binary_accuracy: 0.7917
Epoch 178/300
 - 1s - loss: 0.0309 - binary_accuracy: 0.9910 - val_loss: 1.6412 - val_binary_accuracy: 0.7958
Epoch 179/300
 - 1s - loss: 0.0220 - binary_accuracy: 0.9942 - val_loss: 1.7908 - val_binary_accuracy: 0.7917
Epoch 180/300
 - 1s - loss: 0.0236 - binary_accuracy: 0.9949 - val_loss: 1.6779 - val_binary_accuracy: 0.7917
Epoch 181/300
 - 1s - loss: 0.0238 - binary_accuracy: 0.9936 - val_loss: 1.6729 - val_binary_accuracy: 0.7917
Epoch 182/300
 - 1s - loss: 0.0170 - binary_accuracy: 0.9987 - val_loss: 1.7957 - val_binary_accuracy: 0.7917
Epoch 183/300
 - 1s - loss: 0.0216 - binary_accuracy: 0.9955 - val_loss: 1.7322 - val_binary_accuracy: 0.7875
Epoch 184/300
 - 1s - loss: 0.0205 - binary_accuracy: 0.9949 - val_loss: 1.7853 - val_binary_accuracy: 0.7875
Epoch 185/300
 - 1s - loss: 0.0173 - binary_accuracy: 0.9962 - val_loss: 1.5063 - val_binary_accuracy: 0.7917
Epoch 186/300
 - 1s - loss: 0.0222 - binary_accuracy: 0.9974 - val_loss: 1.7575 - val_binary_accuracy: 0.7917
Epoch 187/300
 - 1s - loss: 0.0190 - binary_accuracy: 0.9974 - val_loss: 1.7387 - val_binary_accuracy: 0.7917
Epoch 188/300
 - 1s - loss: 0.0178 - binary_accuracy: 0.9968 - val_loss: 1.5915 - val_binary_accuracy: 0.7958
Epoch 189/300
 - 1s - loss: 0.0280 - binary_accuracy: 0.9929 - val_loss: 1.7017 - val_binary_accuracy: 0.7917
Epoch 190/300
 - 1s - loss: 0.0204 - binary_accuracy: 0.9955 - val_loss: 1.5894 - val_binary_accuracy: 0.7917
Epoch 191/300
 - 1s - loss: 0.0236 - binary_accuracy: 0.9955 - val_loss: 1.8446 - val_binary_accuracy: 0.7958
Epoch 192/300
 - 1s - loss: 0.0207 - binary_accuracy: 0.9942 - val_loss: 1.6099 - val_binary_accuracy: 0.7917
Epoch 193/300
 - 1s - loss: 0.0178 - binary_accuracy: 0.9974 - val_loss: 1.7765 - val_binary_accuracy: 0.7917
Epoch 194/300
 - 1s - loss: 0.0208 - binary_accuracy: 0.9942 - val_loss: 1.7131 - val_binary_accuracy: 0.7958
Epoch 195/300
 - 1s - loss: 0.0177 - binary_accuracy: 0.9962 - val_loss: 1.7119 - val_binary_accuracy: 0.7917
Epoch 196/300
 - 1s - loss: 0.0147 - binary_accuracy: 0.9974 - val_loss: 1.8618 - val_binary_accuracy: 0.7917
Epoch 197/300
 - 1s - loss: 0.0152 - binary_accuracy: 0.9987 - val_loss: 1.6634 - val_binary_accuracy: 0.7875
Epoch 198/300
 - 1s - loss: 0.0133 - binary_accuracy: 0.9994 - val_loss: 1.7418 - val_binary_accuracy: 0.7917
Epoch 199/300
 - 1s - loss: 0.0144 - binary_accuracy: 0.9981 - val_loss: 1.7898 - val_binary_accuracy: 0.7958
Epoch 200/300
 - 1s - loss: 0.0160 - binary_accuracy: 0.9962 - val_loss: 1.7733 - val_binary_accuracy: 0.7875
Epoch 201/300
 - 1s - loss: 0.0166 - binary_accuracy: 0.9962 - val_loss: 1.7705 - val_binary_accuracy: 0.7875
Epoch 202/300
 - 1s - loss: 0.0155 - binary_accuracy: 0.9968 - val_loss: 1.8203 - val_binary_accuracy: 0.7875
Epoch 203/300
 - 1s - loss: 0.0138 - binary_accuracy: 0.9981 - val_loss: 1.8151 - val_binary_accuracy: 0.7875
Epoch 204/300
 - 1s - loss: 0.0175 - binary_accuracy: 0.9962 - val_loss: 1.6314 - val_binary_accuracy: 0.7875
Epoch 205/300
 - 1s - loss: 0.0133 - binary_accuracy: 0.9987 - val_loss: 1.6281 - val_binary_accuracy: 0.7917
Epoch 206/300
 - 1s - loss: 0.0127 - binary_accuracy: 1.0000 - val_loss: 1.7852 - val_binary_accuracy: 0.7875
Epoch 207/300
 - 1s - loss: 0.0193 - binary_accuracy: 0.9955 - val_loss: 1.7011 - val_binary_accuracy: 0.7958
Epoch 208/300
 - 1s - loss: 0.0132 - binary_accuracy: 0.9974 - val_loss: 1.7725 - val_binary_accuracy: 0.7958
Epoch 209/300
 - 1s - loss: 0.0143 - binary_accuracy: 0.9981 - val_loss: 1.6196 - val_binary_accuracy: 0.7958
Epoch 210/300
 - 1s - loss: 0.0148 - binary_accuracy: 0.9981 - val_loss: 1.7219 - val_binary_accuracy: 0.7917
Epoch 211/300
 - 1s - loss: 0.0112 - binary_accuracy: 0.9994 - val_loss: 1.9875 - val_binary_accuracy: 0.7875
Epoch 212/300
 - 1s - loss: 0.0137 - binary_accuracy: 0.9981 - val_loss: 1.7757 - val_binary_accuracy: 0.7917
Epoch 213/300
 - 1s - loss: 0.0122 - binary_accuracy: 0.9987 - val_loss: 1.7812 - val_binary_accuracy: 0.7958
Epoch 214/300
 - 1s - loss: 0.0106 - binary_accuracy: 1.0000 - val_loss: 1.9191 - val_binary_accuracy: 0.7917
Epoch 215/300
 - 1s - loss: 0.0140 - binary_accuracy: 0.9962 - val_loss: 1.8870 - val_binary_accuracy: 0.7917
Epoch 216/300
 - 1s - loss: 0.0224 - binary_accuracy: 0.9968 - val_loss: 1.9124 - val_binary_accuracy: 0.7875
Epoch 217/300
 - 1s - loss: 0.0199 - binary_accuracy: 0.9968 - val_loss: 1.7335 - val_binary_accuracy: 0.7875
Epoch 218/300
 - 1s - loss: 0.0139 - binary_accuracy: 0.9981 - val_loss: 2.0863 - val_binary_accuracy: 0.7875
Epoch 219/300
 - 1s - loss: 0.0216 - binary_accuracy: 0.9968 - val_loss: 1.8325 - val_binary_accuracy: 0.7958
Epoch 220/300
 - 1s - loss: 0.0237 - binary_accuracy: 0.9923 - val_loss: 1.7825 - val_binary_accuracy: 0.7875
Epoch 221/300
 - 1s - loss: 0.0226 - binary_accuracy: 0.9949 - val_loss: 1.6012 - val_binary_accuracy: 0.7917
Epoch 222/300
 - 1s - loss: 0.0162 - binary_accuracy: 0.9974 - val_loss: 1.3868 - val_binary_accuracy: 0.7958
Epoch 223/300
 - 1s - loss: 0.0278 - binary_accuracy: 0.9936 - val_loss: 1.7713 - val_binary_accuracy: 0.7958
Epoch 224/300
 - 1s - loss: 0.0324 - binary_accuracy: 0.9917 - val_loss: 1.8318 - val_binary_accuracy: 0.7917
Epoch 225/300
 - 1s - loss: 0.0198 - binary_accuracy: 0.9962 - val_loss: 1.7348 - val_binary_accuracy: 0.7917
Epoch 226/300
 - 1s - loss: 0.0212 - binary_accuracy: 0.9955 - val_loss: 1.6518 - val_binary_accuracy: 0.7917
Epoch 227/300
 - 1s - loss: 0.0109 - binary_accuracy: 0.9994 - val_loss: 1.7750 - val_binary_accuracy: 0.7917
Epoch 228/300
 - 1s - loss: 0.0188 - binary_accuracy: 0.9949 - val_loss: 1.8849 - val_binary_accuracy: 0.7875
Epoch 229/300
 - 1s - loss: 0.0142 - binary_accuracy: 0.9981 - val_loss: 1.8683 - val_binary_accuracy: 0.7875
Epoch 230/300
 - 1s - loss: 0.0106 - binary_accuracy: 0.9981 - val_loss: 1.6618 - val_binary_accuracy: 0.7917
Epoch 231/300
 - 1s - loss: 0.0147 - binary_accuracy: 0.9974 - val_loss: 1.6933 - val_binary_accuracy: 0.7917
Epoch 232/300
 - 1s - loss: 0.0156 - binary_accuracy: 0.9981 - val_loss: 1.8975 - val_binary_accuracy: 0.7875
Epoch 233/300
 - 1s - loss: 0.0138 - binary_accuracy: 0.9974 - val_loss: 1.4842 - val_binary_accuracy: 0.7958
Epoch 234/300
 - 1s - loss: 0.0222 - binary_accuracy: 0.9936 - val_loss: 1.6706 - val_binary_accuracy: 0.7875
Epoch 235/300
 - 1s - loss: 0.0202 - binary_accuracy: 0.9962 - val_loss: 1.8756 - val_binary_accuracy: 0.7875
Epoch 236/300
 - 1s - loss: 0.0154 - binary_accuracy: 0.9974 - val_loss: 2.0634 - val_binary_accuracy: 0.7875
Epoch 237/300
 - 1s - loss: 0.0162 - binary_accuracy: 0.9955 - val_loss: 1.9505 - val_binary_accuracy: 0.7875
Epoch 238/300
 - 1s - loss: 0.0196 - binary_accuracy: 0.9942 - val_loss: 1.8074 - val_binary_accuracy: 0.7875
Epoch 239/300
 - 1s - loss: 0.0198 - binary_accuracy: 0.9968 - val_loss: 1.7347 - val_binary_accuracy: 0.7917
Epoch 240/300
 - 1s - loss: 0.0194 - binary_accuracy: 0.9955 - val_loss: 1.6459 - val_binary_accuracy: 0.7917
Epoch 241/300
 - 1s - loss: 0.0119 - binary_accuracy: 0.9987 - val_loss: 1.7528 - val_binary_accuracy: 0.7917
Epoch 242/300
 - 1s - loss: 0.0127 - binary_accuracy: 0.9968 - val_loss: 1.7294 - val_binary_accuracy: 0.7917
Epoch 243/300
 - 1s - loss: 0.0125 - binary_accuracy: 0.9987 - val_loss: 1.8948 - val_binary_accuracy: 0.7875
Epoch 244/300
 - 1s - loss: 0.0143 - binary_accuracy: 0.9981 - val_loss: 1.8153 - val_binary_accuracy: 0.7917
Epoch 245/300
 - 1s - loss: 0.0140 - binary_accuracy: 0.9981 - val_loss: 1.7930 - val_binary_accuracy: 0.7917
Epoch 246/300
 - 1s - loss: 0.0110 - binary_accuracy: 0.9981 - val_loss: 1.8832 - val_binary_accuracy: 0.7875
Epoch 247/300
 - 1s - loss: 0.0096 - binary_accuracy: 0.9994 - val_loss: 1.8709 - val_binary_accuracy: 0.7875
Epoch 248/300
 - 1s - loss: 0.0115 - binary_accuracy: 0.9981 - val_loss: 1.8390 - val_binary_accuracy: 0.7875
Epoch 249/300
 - 1s - loss: 0.0096 - binary_accuracy: 0.9987 - val_loss: 1.7338 - val_binary_accuracy: 0.7917
Epoch 250/300
 - 1s - loss: 0.0104 - binary_accuracy: 0.9987 - val_loss: 1.6777 - val_binary_accuracy: 0.7917
Epoch 251/300
 - 1s - loss: 0.0104 - binary_accuracy: 1.0000 - val_loss: 1.8126 - val_binary_accuracy: 0.7875
Epoch 252/300
 - 1s - loss: 0.0108 - binary_accuracy: 0.9994 - val_loss: 1.7617 - val_binary_accuracy: 0.7875
Epoch 253/300
 - 1s - loss: 0.0136 - binary_accuracy: 0.9981 - val_loss: 1.8675 - val_binary_accuracy: 0.7875
Epoch 254/300
 - 1s - loss: 0.0143 - binary_accuracy: 0.9987 - val_loss: 1.8352 - val_binary_accuracy: 0.7875
Epoch 255/300
 - 1s - loss: 0.0097 - binary_accuracy: 0.9994 - val_loss: 1.7910 - val_binary_accuracy: 0.7875
Epoch 256/300
 - 1s - loss: 0.0096 - binary_accuracy: 1.0000 - val_loss: 1.8203 - val_binary_accuracy: 0.7875
Epoch 257/300
 - 1s - loss: 0.0107 - binary_accuracy: 0.9987 - val_loss: 1.8454 - val_binary_accuracy: 0.7875
Epoch 258/300
 - 1s - loss: 0.0107 - binary_accuracy: 0.9987 - val_loss: 1.9665 - val_binary_accuracy: 0.7875
Epoch 259/300
 - 1s - loss: 0.0096 - binary_accuracy: 0.9994 - val_loss: 1.8475 - val_binary_accuracy: 0.7875
Epoch 260/300
 - 1s - loss: 0.0108 - binary_accuracy: 0.9981 - val_loss: 1.7242 - val_binary_accuracy: 0.7875
Epoch 261/300
 - 1s - loss: 0.0111 - binary_accuracy: 0.9987 - val_loss: 1.8377 - val_binary_accuracy: 0.7917
Epoch 262/300
 - 1s - loss: 0.0125 - binary_accuracy: 0.9974 - val_loss: 1.7060 - val_binary_accuracy: 0.7917
Epoch 263/300
 - 1s - loss: 0.0147 - binary_accuracy: 0.9968 - val_loss: 1.6860 - val_binary_accuracy: 0.7958
Epoch 264/300
 - 1s - loss: 0.0127 - binary_accuracy: 0.9974 - val_loss: 1.7380 - val_binary_accuracy: 0.7875
Epoch 265/300
 - 1s - loss: 0.0101 - binary_accuracy: 1.0000 - val_loss: 1.8382 - val_binary_accuracy: 0.7875
Epoch 266/300
 - 1s - loss: 0.0156 - binary_accuracy: 0.9962 - val_loss: 1.7365 - val_binary_accuracy: 0.7875
Epoch 267/300
 - 1s - loss: 0.0107 - binary_accuracy: 0.9974 - val_loss: 1.7293 - val_binary_accuracy: 0.7875
Epoch 268/300
 - 1s - loss: 0.0128 - binary_accuracy: 0.9968 - val_loss: 1.8624 - val_binary_accuracy: 0.7875
Epoch 269/300
 - 1s - loss: 0.0136 - binary_accuracy: 0.9968 - val_loss: 1.8327 - val_binary_accuracy: 0.7875
Epoch 270/300
 - 1s - loss: 0.0120 - binary_accuracy: 0.9987 - val_loss: 1.8520 - val_binary_accuracy: 0.7875
Epoch 271/300
 - 1s - loss: 0.0137 - binary_accuracy: 0.9981 - val_loss: 1.9023 - val_binary_accuracy: 0.7875
Epoch 272/300
 - 1s - loss: 0.0103 - binary_accuracy: 0.9994 - val_loss: 1.8793 - val_binary_accuracy: 0.7875
Epoch 273/300
 - 1s - loss: 0.0084 - binary_accuracy: 1.0000 - val_loss: 1.9352 - val_binary_accuracy: 0.7875
Epoch 274/300
 - 1s - loss: 0.0100 - binary_accuracy: 0.9987 - val_loss: 1.9368 - val_binary_accuracy: 0.7875
Epoch 275/300
 - 1s - loss: 0.0117 - binary_accuracy: 0.9987 - val_loss: 1.9404 - val_binary_accuracy: 0.7875
Epoch 276/300
 - 1s - loss: 0.0091 - binary_accuracy: 0.9994 - val_loss: 1.9865 - val_binary_accuracy: 0.7875
Epoch 277/300
 - 1s - loss: 0.0124 - binary_accuracy: 0.9968 - val_loss: 1.8376 - val_binary_accuracy: 0.7875
Epoch 278/300
 - 1s - loss: 0.0087 - binary_accuracy: 0.9994 - val_loss: 1.7438 - val_binary_accuracy: 0.7875
Epoch 279/300
 - 1s - loss: 0.0106 - binary_accuracy: 0.9981 - val_loss: 1.8900 - val_binary_accuracy: 0.7875
Epoch 280/300
 - 1s - loss: 0.0100 - binary_accuracy: 0.9994 - val_loss: 1.9156 - val_binary_accuracy: 0.7875
Epoch 281/300
 - 1s - loss: 0.0097 - binary_accuracy: 0.9987 - val_loss: 1.9519 - val_binary_accuracy: 0.7875
Epoch 282/300
 - 1s - loss: 0.0086 - binary_accuracy: 0.9994 - val_loss: 1.8305 - val_binary_accuracy: 0.7875
Epoch 283/300
 - 1s - loss: 0.0099 - binary_accuracy: 0.9987 - val_loss: 1.9865 - val_binary_accuracy: 0.7875
Epoch 284/300
 - 1s - loss: 0.0106 - binary_accuracy: 0.9987 - val_loss: 1.7969 - val_binary_accuracy: 0.7917
Epoch 285/300
 - 1s - loss: 0.0094 - binary_accuracy: 0.9994 - val_loss: 1.7978 - val_binary_accuracy: 0.7875
Epoch 286/300
 - 1s - loss: 0.0075 - binary_accuracy: 1.0000 - val_loss: 1.9649 - val_binary_accuracy: 0.7875
Epoch 287/300
 - 1s - loss: 0.0077 - binary_accuracy: 0.9994 - val_loss: 1.9227 - val_binary_accuracy: 0.7833
Epoch 288/300
 - 1s - loss: 0.0082 - binary_accuracy: 1.0000 - val_loss: 1.9035 - val_binary_accuracy: 0.7875
Epoch 289/300
 - 1s - loss: 0.0077 - binary_accuracy: 1.0000 - val_loss: 1.9606 - val_binary_accuracy: 0.7875
Epoch 290/300
 - 1s - loss: 0.0082 - binary_accuracy: 0.9994 - val_loss: 1.9552 - val_binary_accuracy: 0.7833
Epoch 291/300
 - 1s - loss: 0.0068 - binary_accuracy: 0.9994 - val_loss: 1.9764 - val_binary_accuracy: 0.7875
Epoch 292/300
 - 1s - loss: 0.0145 - binary_accuracy: 0.9974 - val_loss: 1.9959 - val_binary_accuracy: 0.7875
Epoch 293/300
 - 1s - loss: 0.0194 - binary_accuracy: 0.9949 - val_loss: 1.6134 - val_binary_accuracy: 0.8000
Epoch 294/300
 - 1s - loss: 0.0173 - binary_accuracy: 0.9962 - val_loss: 1.7708 - val_binary_accuracy: 0.7833
Epoch 295/300
 - 1s - loss: 0.0202 - binary_accuracy: 0.9936 - val_loss: 1.9388 - val_binary_accuracy: 0.7875
Epoch 296/300
 - 1s - loss: 0.0114 - binary_accuracy: 0.9981 - val_loss: 1.8888 - val_binary_accuracy: 0.7875
Epoch 297/300
 - 1s - loss: 0.0100 - binary_accuracy: 0.9987 - val_loss: 1.9141 - val_binary_accuracy: 0.7833
Epoch 298/300
 - 1s - loss: 0.0129 - binary_accuracy: 0.9987 - val_loss: 2.0394 - val_binary_accuracy: 0.7917
Epoch 299/300
 - 1s - loss: 0.0107 - binary_accuracy: 0.9981 - val_loss: 1.8980 - val_binary_accuracy: 0.7958
Epoch 300/300
 - 1s - loss: 0.0094 - binary_accuracy: 0.9994 - val_loss: 1.8560 - val_binary_accuracy: 0.7875
/glade/u/home/joshuadr/tensor_test/lib/python3.6/site-packages/h5py/__init__.py:36: FutureWarning: Conversion of the second argument of issubdtype from `float` to `np.floating` is deprecated. In future, it will be treated as `np.float64 == np.dtype(float).type`.
  from ._conv import register_converters as _register_converters
Using TensorFlow backend.
Traceback (most recent call last):
  File "ML_NN_algorithms_RNN.py", line 375, in <module>
    model.save(outputSearch +'.h5')
NameError: name 'model' is not defined
